<?xml version="1.0" encoding="UTF-8"?>
<!-- Generated by org.testng.reporters.JUnitXMLReporter -->
<testsuite hostname="ajha-inl" ignored="3" name="TestGroup" tests="4" failures="0" timestamp="30 Nov 2020 14:02:48 GMT" time="0.034" errors="0">
  <testcase name="Darbhanga" time="0.0" classname="com.practice.TestNG.TestCaseWithTestNGroups"/>
  <testcase name="Hydrabad" time="0.001" classname="com.practice.TestNG.TestCaseWithTestNGroups"/>
  <testcase name="Patna" time="0.0" classname="com.practice.TestNG.TestCaseWithTestNGroups"/>
  <testcase name="Pune" time="0.001" classname="com.practice.TestNG.TestCaseWithTestNGroups"/>
  <testcase name="Delhi" time="0.0" classname="com.practice.TestNG.TestCaseWithTestNGroups">
    <ignored/>
  </testcase> <!-- Delhi -->
  <testcase name="Bangalore" time="0.0" classname="com.practice.TestNG.TestCaseWithTestNGroups">
    <ignored/>
  </testcase> <!-- Bangalore -->
  <testcase name="Punjab" time="0.0" classname="com.practice.TestNG.TestCaseWithTestNGroups">
    <ignored/>
  </testcase> <!-- Punjab -->
</testsuite> <!-- TestGroup -->
