<?xml version="1.0" encoding="UTF-8"?>
<!-- Generated by org.testng.reporters.JUnitXMLReporter -->
<testsuite hostname="ajha-inl" ignored="2" name="TestNG Practice test" tests="59" failures="0" timestamp="21 Sep 2021 07:35:03 GMT" time="61.123" errors="0">
  <testcase name="googleTitleTest" time="0.038" classname="com.practice.TestNG.GoogleTitleTest"/>
  <testcase name="invocationCountTest" time="0.004" classname="com.practice.TestNG.InvocationCountTest"/>
  <testcase name="invocationCountTest" time="0.006" classname="com.practice.TestNG.InvocationCountTest"/>
  <testcase name="invocationCountTest" time="0.002" classname="com.practice.TestNG.InvocationCountTest"/>
  <testcase name="invocationCountTest" time="0.003" classname="com.practice.TestNG.InvocationCountTest"/>
  <testcase name="invocationCountTest" time="0.003" classname="com.practice.TestNG.InvocationCountTest"/>
  <testcase name="printMethod" time="0.001" classname="com.practice.TestNG.MyFirstClass"/>
  <testcase name="getAddOutput" time="0.0" classname="com.practice.TestNG.MySecondClass"/>
  <testcase name="getModulOutput" time="0.002" classname="com.practice.TestNG.MySecondClass"/>
  <testcase name="getMultOutput" time="0.001" classname="com.practice.TestNG.MySecondClass"/>
  <testcase name="getSubOutput" time="0.001" classname="com.practice.TestNG.MySecondClass"/>
  <testcase name="getMultiplication" time="0.001" classname="com.practice.TestNG.TestCaseWithPriority"/>
  <testcase name="TestMethod2" time="0.002" classname="com.practice.TestNG.TestCaseWithPriorityAndNonPriority"/>
  <testcase name="TestMethod3" time="0.001" classname="com.practice.TestNG.TestCaseWithPriorityAndNonPriority"/>
  <testcase name="TestMethod4" time="0.001" classname="com.practice.TestNG.TestCaseWithPriorityAndNonPriority"/>
  <testcase name="TestMethod6" time="0.001" classname="com.practice.TestNG.TestCaseWithPriorityAndNonPriority"/>
  <testcase name="methodFour" time="0.0" classname="com.practice.TestNG.TestCaseWithSamePriority"/>
  <testcase name="methodTwo" time="0.001" classname="com.practice.TestNG.TestCaseWithSamePriority"/>
  <testcase name="test1" time="0.001" classname="com.practice.TestNG.TestCaseWithSkip"/>
  <testcase name="test3" time="0.001" classname="com.practice.TestNG.TestCaseWithSkip"/>
  <testcase name="test5" time="0.003" classname="com.practice.TestNG.TestCaseWithSkip"/>
  <testcase name="Bangalore" time="0.0" classname="com.practice.TestNG.TestCaseWithTestNGroups"/>
  <testcase name="Darbhanga" time="0.0" classname="com.practice.TestNG.TestCaseWithTestNGroups"/>
  <testcase name="Delhi" time="0.0" classname="com.practice.TestNG.TestCaseWithTestNGroups"/>
  <testcase name="Hydrabad" time="0.001" classname="com.practice.TestNG.TestCaseWithTestNGroups"/>
  <testcase name="Patna" time="0.001" classname="com.practice.TestNG.TestCaseWithTestNGroups"/>
  <testcase name="Pune" time="0.001" classname="com.practice.TestNG.TestCaseWithTestNGroups"/>
  <testcase name="Punjab" time="0.0" classname="com.practice.TestNG.TestCaseWithTestNGroups"/>
  <testcase name="googleLogoTest" time="0.0" classname="com.practice.TestNG.TestNGAnnotation"/>
  <testcase name="googleTitleTest" time="0.0" classname="com.practice.TestNG.TestNGAnnotation"/>
  <testcase name="loginTest" time="0.001" classname="com.practice.TestNG.TestNGFeature"/>
  <testcase name="googleLogoTest" time="0.169" classname="com.practice.TestNG.GoogleTest"/>
  <testcase name="getModule" time="0.001" classname="com.practice.TestNG.TestCaseWithPriority"/>
  <testcase name="TestMethod5" time="0.006" classname="com.practice.TestNG.TestCaseWithPriorityAndNonPriority"/>
  <testcase name="methodOne" time="0.004" classname="com.practice.TestNG.TestCaseWithSamePriority"/>
  <testcase name="searchPageTest" time="0.004" classname="com.practice.TestNG.TestNGAnnotation"/>
  <testcase name="loginTest" time="0.003" classname="com.practice.TestNG.TestNGGroupFeature"/>
  <testcase name="googleTitleTest" time="0.017" classname="com.practice.TestNG.GoogleTest"/>
  <testcase name="getDivison" time="0.002" classname="com.practice.TestNG.TestCaseWithPriority"/>
  <testcase name="registerPageTest" time="0.0" classname="com.practice.TestNG.TestNGFeature"/>
  <testcase name="registerTest" time="0.002" classname="com.practice.TestNG.TestNGGroupFeature"/>
  <testcase name="googleGmailLinkTest" time="0.197" classname="com.practice.TestNG.GoogleTest"/>
  <testcase name="getSubstraction" time="0.001" classname="com.practice.TestNG.TestCaseWithPriority"/>
  <testcase name="methodThree" time="0.0" classname="com.practice.TestNG.TestCaseWithSamePriority"/>
  <testcase name="searchPageTest" time="0.003" classname="com.practice.TestNG.TestNGFeature"/>
  <testcase name="searchTest" time="0.002" classname="com.practice.TestNG.TestNGGroupFeature"/>
  <testcase name="test1" time="0.0" classname="com.practice.TestNG.GoogleTest"/>
  <testcase name="getAddition" time="0.003" classname="com.practice.TestNG.TestCaseWithPriority"/>
  <testcase name="TestMethod1" time="0.002" classname="com.practice.TestNG.TestCaseWithPriorityAndNonPriority"/>
  <testcase name="methodFive" time="0.001" classname="com.practice.TestNG.TestCaseWithSamePriority"/>
  <testcase name="contactPageTest" time="0.003" classname="com.practice.TestNG.TestNGFeature"/>
  <testcase name="contactTest" time="0.0" classname="com.practice.TestNG.TestNGGroupFeature"/>
  <testcase name="test2" time="0.001" classname="com.practice.TestNG.GoogleTest"/>
  <testcase name="addToCartTest" time="0.001" classname="com.practice.TestNG.TestNGGroupFeature"/>
  <testcase name="test3" time="0.002" classname="com.practice.TestNG.GoogleTest"/>
  <testcase name="paymentTest" time="0.001" classname="com.practice.TestNG.TestNGGroupFeature"/>
  <testcase name="doMultipleLoginTest" time="0.001" classname="com.practice.TestNG.TestNGGroupFeature"/>
  <testcase name="createMultipleUserTest" time="0.0" classname="com.practice.TestNG.TestNGGroupFeature"/>
  <testcase name="searchMultipleTest" time="0.001" classname="com.practice.TestNG.TestNGGroupFeature"/>
  <testcase name="test2" time="0.0" classname="com.practice.TestNG.TestCaseWithSkip">
    <ignored/>
  </testcase> <!-- test2 -->
  <testcase name="test4" time="0.0" classname="com.practice.TestNG.TestCaseWithSkip">
    <ignored/>
  </testcase> <!-- test4 -->
</testsuite> <!-- TestNG Practice test -->
